CRITICAL - 2022-05-29 00:06:44 --> Call to undefined method App\Models\PermissaoModel::recuperaPermissoesDoGrupo
#0 D:\_DocumentosDrive\htdocs\cursos\ci4\ordem\app\Controllers\Admin\Grupos.php(266): CodeIgniter\Model->__call('recuperaPermiss...', Array)
#1 D:\_DocumentosDrive\htdocs\cursos\ci4\ordem\vendor\codeigniter4\framework\system\CodeIgniter.php(832): App\Controllers\Admin\Grupos->permissoes(7)
#2 D:\_DocumentosDrive\htdocs\cursos\ci4\ordem\vendor\codeigniter4\framework\system\CodeIgniter.php(419): CodeIgniter\CodeIgniter->runController(Object(App\Controllers\Admin\Grupos))
#3 D:\_DocumentosDrive\htdocs\cursos\ci4\ordem\vendor\codeigniter4\framework\system\CodeIgniter.php(326): CodeIgniter\CodeIgniter->handleRequest(NULL, Object(Config\Cache), false)
#4 D:\_DocumentosDrive\htdocs\cursos\ci4\ordem\public\index.php(37): CodeIgniter\CodeIgniter->run()
#5 D:\_DocumentosDrive\htdocs\cursos\ci4\ordem\vendor\codeigniter4\framework\system\Commands\Server\rewrite.php(43): require_once('D:\\_DocumentosD...')
#6 {main}
ERROR - 2022-05-29 00:10:44 --> Unknown column 'grupos_permissoes_id' in 'field list'
CRITICAL - 2022-05-29 00:10:44 --> Unknown column 'grupos_permissoes_id' in 'field list'
#0 D:\_DocumentosDrive\htdocs\cursos\ci4\ordem\vendor\codeigniter4\framework\system\Database\MySQLi\Connection.php(292): mysqli->query('SELECT COUNT(*)...', 0)
#1 D:\_DocumentosDrive\htdocs\cursos\ci4\ordem\vendor\codeigniter4\framework\system\Database\BaseConnection.php(670): CodeIgniter\Database\MySQLi\Connection->execute('SELECT COUNT(*)...')
#2 D:\_DocumentosDrive\htdocs\cursos\ci4\ordem\vendor\codeigniter4\framework\system\Database\BaseConnection.php(598): CodeIgniter\Database\BaseConnection->simpleQuery('SELECT COUNT(*)...')
#3 D:\_DocumentosDrive\htdocs\cursos\ci4\ordem\vendor\codeigniter4\framework\system\Database\BaseBuilder.php(1539): CodeIgniter\Database\BaseConnection->query('SELECT COUNT(*)...', Array, false)
#4 D:\_DocumentosDrive\htdocs\cursos\ci4\ordem\vendor\codeigniter4\framework\system\Model.php(509): CodeIgniter\Database\BaseBuilder->countAllResults(false)
#5 D:\_DocumentosDrive\htdocs\cursos\ci4\ordem\vendor\codeigniter4\framework\system\BaseModel.php(1084): CodeIgniter\Model->countAllResults(false)
#6 D:\_DocumentosDrive\htdocs\cursos\ci4\ordem\app\Models\GrupoPermissaoModel.php(41): CodeIgniter\BaseModel->paginate(5)
#7 D:\_DocumentosDrive\htdocs\cursos\ci4\ordem\app\Controllers\Admin\Grupos.php(266): App\Models\GrupoPermissaoModel->recuperaPermissoesDoGrupo(7, 5)
#8 D:\_DocumentosDrive\htdocs\cursos\ci4\ordem\vendor\codeigniter4\framework\system\CodeIgniter.php(832): App\Controllers\Admin\Grupos->permissoes(7)
#9 D:\_DocumentosDrive\htdocs\cursos\ci4\ordem\vendor\codeigniter4\framework\system\CodeIgniter.php(419): CodeIgniter\CodeIgniter->runController(Object(App\Controllers\Admin\Grupos))
#10 D:\_DocumentosDrive\htdocs\cursos\ci4\ordem\vendor\codeigniter4\framework\system\CodeIgniter.php(326): CodeIgniter\CodeIgniter->handleRequest(NULL, Object(Config\Cache), false)
#11 D:\_DocumentosDrive\htdocs\cursos\ci4\ordem\public\index.php(37): CodeIgniter\CodeIgniter->run()
#12 D:\_DocumentosDrive\htdocs\cursos\ci4\ordem\vendor\codeigniter4\framework\system\Commands\Server\rewrite.php(43): require_once('D:\\_DocumentosD...')
#13 {main}
ERROR - 2022-05-29 00:12:05 --> Unknown column 'grupos_permissoes_id' in 'field list'
CRITICAL - 2022-05-29 00:12:05 --> Unknown column 'grupos_permissoes_id' in 'field list'
#0 D:\_DocumentosDrive\htdocs\cursos\ci4\ordem\vendor\codeigniter4\framework\system\Database\MySQLi\Connection.php(292): mysqli->query('SELECT COUNT(*)...', 0)
#1 D:\_DocumentosDrive\htdocs\cursos\ci4\ordem\vendor\codeigniter4\framework\system\Database\BaseConnection.php(670): CodeIgniter\Database\MySQLi\Connection->execute('SELECT COUNT(*)...')
#2 D:\_DocumentosDrive\htdocs\cursos\ci4\ordem\vendor\codeigniter4\framework\system\Database\BaseConnection.php(598): CodeIgniter\Database\BaseConnection->simpleQuery('SELECT COUNT(*)...')
#3 D:\_DocumentosDrive\htdocs\cursos\ci4\ordem\vendor\codeigniter4\framework\system\Database\BaseBuilder.php(1539): CodeIgniter\Database\BaseConnection->query('SELECT COUNT(*)...', Array, false)
#4 D:\_DocumentosDrive\htdocs\cursos\ci4\ordem\vendor\codeigniter4\framework\system\Model.php(509): CodeIgniter\Database\BaseBuilder->countAllResults(false)
#5 D:\_DocumentosDrive\htdocs\cursos\ci4\ordem\vendor\codeigniter4\framework\system\BaseModel.php(1084): CodeIgniter\Model->countAllResults(false)
#6 D:\_DocumentosDrive\htdocs\cursos\ci4\ordem\app\Models\GrupoPermissaoModel.php(41): CodeIgniter\BaseModel->paginate(5)
#7 D:\_DocumentosDrive\htdocs\cursos\ci4\ordem\app\Controllers\Admin\Grupos.php(266): App\Models\GrupoPermissaoModel->recuperaPermissoesDoGrupo(7, 5)
#8 D:\_DocumentosDrive\htdocs\cursos\ci4\ordem\vendor\codeigniter4\framework\system\CodeIgniter.php(832): App\Controllers\Admin\Grupos->permissoes(7)
#9 D:\_DocumentosDrive\htdocs\cursos\ci4\ordem\vendor\codeigniter4\framework\system\CodeIgniter.php(419): CodeIgniter\CodeIgniter->runController(Object(App\Controllers\Admin\Grupos))
#10 D:\_DocumentosDrive\htdocs\cursos\ci4\ordem\vendor\codeigniter4\framework\system\CodeIgniter.php(326): CodeIgniter\CodeIgniter->handleRequest(NULL, Object(Config\Cache), false)
#11 D:\_DocumentosDrive\htdocs\cursos\ci4\ordem\public\index.php(37): CodeIgniter\CodeIgniter->run()
#12 D:\_DocumentosDrive\htdocs\cursos\ci4\ordem\vendor\codeigniter4\framework\system\Commands\Server\rewrite.php(43): require_once('D:\\_DocumentosD...')
#13 {main}
ERROR - 2022-05-29 00:12:27 --> Unknown column 'grupos_permissoes_id' in 'field list'
CRITICAL - 2022-05-29 00:12:27 --> Unknown column 'grupos_permissoes_id' in 'field list'
#0 D:\_DocumentosDrive\htdocs\cursos\ci4\ordem\vendor\codeigniter4\framework\system\Database\MySQLi\Connection.php(292): mysqli->query('SELECT COUNT(*)...', 0)
#1 D:\_DocumentosDrive\htdocs\cursos\ci4\ordem\vendor\codeigniter4\framework\system\Database\BaseConnection.php(670): CodeIgniter\Database\MySQLi\Connection->execute('SELECT COUNT(*)...')
#2 D:\_DocumentosDrive\htdocs\cursos\ci4\ordem\vendor\codeigniter4\framework\system\Database\BaseConnection.php(598): CodeIgniter\Database\BaseConnection->simpleQuery('SELECT COUNT(*)...')
#3 D:\_DocumentosDrive\htdocs\cursos\ci4\ordem\vendor\codeigniter4\framework\system\Database\BaseBuilder.php(1539): CodeIgniter\Database\BaseConnection->query('SELECT COUNT(*)...', Array, false)
#4 D:\_DocumentosDrive\htdocs\cursos\ci4\ordem\vendor\codeigniter4\framework\system\Model.php(509): CodeIgniter\Database\BaseBuilder->countAllResults(false)
#5 D:\_DocumentosDrive\htdocs\cursos\ci4\ordem\vendor\codeigniter4\framework\system\BaseModel.php(1084): CodeIgniter\Model->countAllResults(false)
#6 D:\_DocumentosDrive\htdocs\cursos\ci4\ordem\app\Models\GrupoPermissaoModel.php(41): CodeIgniter\BaseModel->paginate(5)
#7 D:\_DocumentosDrive\htdocs\cursos\ci4\ordem\app\Controllers\Admin\Grupos.php(266): App\Models\GrupoPermissaoModel->recuperaPermissoesDoGrupo(7, 5)
#8 D:\_DocumentosDrive\htdocs\cursos\ci4\ordem\vendor\codeigniter4\framework\system\CodeIgniter.php(832): App\Controllers\Admin\Grupos->permissoes(7)
#9 D:\_DocumentosDrive\htdocs\cursos\ci4\ordem\vendor\codeigniter4\framework\system\CodeIgniter.php(419): CodeIgniter\CodeIgniter->runController(Object(App\Controllers\Admin\Grupos))
#10 D:\_DocumentosDrive\htdocs\cursos\ci4\ordem\vendor\codeigniter4\framework\system\CodeIgniter.php(326): CodeIgniter\CodeIgniter->handleRequest(NULL, Object(Config\Cache), false)
#11 D:\_DocumentosDrive\htdocs\cursos\ci4\ordem\public\index.php(37): CodeIgniter\CodeIgniter->run()
#12 D:\_DocumentosDrive\htdocs\cursos\ci4\ordem\vendor\codeigniter4\framework\system\Commands\Server\rewrite.php(43): require_once('D:\\_DocumentosD...')
#13 {main}
ERROR - 2022-05-29 00:15:42 --> Unknown column 'grupo_permissoes_id' in 'field list'
CRITICAL - 2022-05-29 00:15:42 --> Unknown column 'grupo_permissoes_id' in 'field list'
#0 D:\_DocumentosDrive\htdocs\cursos\ci4\ordem\vendor\codeigniter4\framework\system\Database\MySQLi\Connection.php(292): mysqli->query('SELECT COUNT(*)...', 0)
#1 D:\_DocumentosDrive\htdocs\cursos\ci4\ordem\vendor\codeigniter4\framework\system\Database\BaseConnection.php(670): CodeIgniter\Database\MySQLi\Connection->execute('SELECT COUNT(*)...')
#2 D:\_DocumentosDrive\htdocs\cursos\ci4\ordem\vendor\codeigniter4\framework\system\Database\BaseConnection.php(598): CodeIgniter\Database\BaseConnection->simpleQuery('SELECT COUNT(*)...')
#3 D:\_DocumentosDrive\htdocs\cursos\ci4\ordem\vendor\codeigniter4\framework\system\Database\BaseBuilder.php(1539): CodeIgniter\Database\BaseConnection->query('SELECT COUNT(*)...', Array, false)
#4 D:\_DocumentosDrive\htdocs\cursos\ci4\ordem\vendor\codeigniter4\framework\system\Model.php(509): CodeIgniter\Database\BaseBuilder->countAllResults(false)
#5 D:\_DocumentosDrive\htdocs\cursos\ci4\ordem\vendor\codeigniter4\framework\system\BaseModel.php(1084): CodeIgniter\Model->countAllResults(false)
#6 D:\_DocumentosDrive\htdocs\cursos\ci4\ordem\app\Models\GrupoPermissaoModel.php(41): CodeIgniter\BaseModel->paginate(5)
#7 D:\_DocumentosDrive\htdocs\cursos\ci4\ordem\app\Controllers\Admin\Grupos.php(266): App\Models\GrupoPermissaoModel->recuperaPermissoesDoGrupo(7, 5)
#8 D:\_DocumentosDrive\htdocs\cursos\ci4\ordem\vendor\codeigniter4\framework\system\CodeIgniter.php(832): App\Controllers\Admin\Grupos->permissoes(7)
#9 D:\_DocumentosDrive\htdocs\cursos\ci4\ordem\vendor\codeigniter4\framework\system\CodeIgniter.php(419): CodeIgniter\CodeIgniter->runController(Object(App\Controllers\Admin\Grupos))
#10 D:\_DocumentosDrive\htdocs\cursos\ci4\ordem\vendor\codeigniter4\framework\system\CodeIgniter.php(326): CodeIgniter\CodeIgniter->handleRequest(NULL, Object(Config\Cache), false)
#11 D:\_DocumentosDrive\htdocs\cursos\ci4\ordem\public\index.php(37): CodeIgniter\CodeIgniter->run()
#12 D:\_DocumentosDrive\htdocs\cursos\ci4\ordem\vendor\codeigniter4\framework\system\Commands\Server\rewrite.php(43): require_once('D:\\_DocumentosD...')
#13 {main}
ERROR - 2022-05-29 00:19:14 --> Unknown column 'grupos_permissoes_id' in 'field list'
CRITICAL - 2022-05-29 00:19:14 --> Unknown column 'grupos_permissoes_id' in 'field list'
#0 D:\_DocumentosDrive\htdocs\cursos\ci4\ordem\vendor\codeigniter4\framework\system\Database\MySQLi\Connection.php(292): mysqli->query('SELECT COUNT(*)...', 0)
#1 D:\_DocumentosDrive\htdocs\cursos\ci4\ordem\vendor\codeigniter4\framework\system\Database\BaseConnection.php(670): CodeIgniter\Database\MySQLi\Connection->execute('SELECT COUNT(*)...')
#2 D:\_DocumentosDrive\htdocs\cursos\ci4\ordem\vendor\codeigniter4\framework\system\Database\BaseConnection.php(598): CodeIgniter\Database\BaseConnection->simpleQuery('SELECT COUNT(*)...')
#3 D:\_DocumentosDrive\htdocs\cursos\ci4\ordem\vendor\codeigniter4\framework\system\Database\BaseBuilder.php(1539): CodeIgniter\Database\BaseConnection->query('SELECT COUNT(*)...', Array, false)
#4 D:\_DocumentosDrive\htdocs\cursos\ci4\ordem\vendor\codeigniter4\framework\system\Model.php(509): CodeIgniter\Database\BaseBuilder->countAllResults(false)
#5 D:\_DocumentosDrive\htdocs\cursos\ci4\ordem\vendor\codeigniter4\framework\system\BaseModel.php(1084): CodeIgniter\Model->countAllResults(false)
#6 D:\_DocumentosDrive\htdocs\cursos\ci4\ordem\app\Models\GrupoPermissaoModel.php(41): CodeIgniter\BaseModel->paginate(5)
#7 D:\_DocumentosDrive\htdocs\cursos\ci4\ordem\app\Controllers\Admin\Grupos.php(266): App\Models\GrupoPermissaoModel->recuperaPermissoesDoGrupo(7, 5)
#8 D:\_DocumentosDrive\htdocs\cursos\ci4\ordem\vendor\codeigniter4\framework\system\CodeIgniter.php(832): App\Controllers\Admin\Grupos->permissoes(7)
#9 D:\_DocumentosDrive\htdocs\cursos\ci4\ordem\vendor\codeigniter4\framework\system\CodeIgniter.php(419): CodeIgniter\CodeIgniter->runController(Object(App\Controllers\Admin\Grupos))
#10 D:\_DocumentosDrive\htdocs\cursos\ci4\ordem\vendor\codeigniter4\framework\system\CodeIgniter.php(326): CodeIgniter\CodeIgniter->handleRequest(NULL, Object(Config\Cache), false)
#11 D:\_DocumentosDrive\htdocs\cursos\ci4\ordem\public\index.php(37): CodeIgniter\CodeIgniter->run()
#12 D:\_DocumentosDrive\htdocs\cursos\ci4\ordem\vendor\codeigniter4\framework\system\Commands\Server\rewrite.php(43): require_once('D:\\_DocumentosD...')
#13 {main}
ERROR - 2022-05-29 00:29:29 --> Unknown column 'grupos_permissoes_id' in 'field list'
CRITICAL - 2022-05-29 00:29:29 --> Unknown column 'grupos_permissoes_id' in 'field list'
#0 D:\_DocumentosDrive\htdocs\cursos\ci4\ordem\vendor\codeigniter4\framework\system\Database\MySQLi\Connection.php(292): mysqli->query('SELECT COUNT(*)...', 0)
#1 D:\_DocumentosDrive\htdocs\cursos\ci4\ordem\vendor\codeigniter4\framework\system\Database\BaseConnection.php(670): CodeIgniter\Database\MySQLi\Connection->execute('SELECT COUNT(*)...')
#2 D:\_DocumentosDrive\htdocs\cursos\ci4\ordem\vendor\codeigniter4\framework\system\Database\BaseConnection.php(598): CodeIgniter\Database\BaseConnection->simpleQuery('SELECT COUNT(*)...')
#3 D:\_DocumentosDrive\htdocs\cursos\ci4\ordem\vendor\codeigniter4\framework\system\Database\BaseBuilder.php(1539): CodeIgniter\Database\BaseConnection->query('SELECT COUNT(*)...', Array, false)
#4 D:\_DocumentosDrive\htdocs\cursos\ci4\ordem\vendor\codeigniter4\framework\system\Model.php(509): CodeIgniter\Database\BaseBuilder->countAllResults(false)
#5 D:\_DocumentosDrive\htdocs\cursos\ci4\ordem\vendor\codeigniter4\framework\system\BaseModel.php(1084): CodeIgniter\Model->countAllResults(false)
#6 D:\_DocumentosDrive\htdocs\cursos\ci4\ordem\app\Models\GrupoPermissaoModel.php(41): CodeIgniter\BaseModel->paginate(5)
#7 D:\_DocumentosDrive\htdocs\cursos\ci4\ordem\app\Controllers\Admin\Grupos.php(266): App\Models\GrupoPermissaoModel->recuperaPermissoesDoGrupo(7, 5)
#8 D:\_DocumentosDrive\htdocs\cursos\ci4\ordem\vendor\codeigniter4\framework\system\CodeIgniter.php(832): App\Controllers\Admin\Grupos->permissoes(7)
#9 D:\_DocumentosDrive\htdocs\cursos\ci4\ordem\vendor\codeigniter4\framework\system\CodeIgniter.php(419): CodeIgniter\CodeIgniter->runController(Object(App\Controllers\Admin\Grupos))
#10 D:\_DocumentosDrive\htdocs\cursos\ci4\ordem\vendor\codeigniter4\framework\system\CodeIgniter.php(326): CodeIgniter\CodeIgniter->handleRequest(NULL, Object(Config\Cache), false)
#11 D:\_DocumentosDrive\htdocs\cursos\ci4\ordem\public\index.php(37): CodeIgniter\CodeIgniter->run()
#12 D:\_DocumentosDrive\htdocs\cursos\ci4\ordem\vendor\codeigniter4\framework\system\Commands\Server\rewrite.php(43): require_once('D:\\_DocumentosD...')
#13 {main}
ERROR - 2022-05-29 00:56:58 --> Unknown column 'grupos_permissoes_id' in 'field list'
CRITICAL - 2022-05-29 00:56:58 --> Unknown column 'grupos_permissoes_id' in 'field list'
#0 D:\_DocumentosDrive\htdocs\cursos\ci4\ordem\vendor\codeigniter4\framework\system\Database\MySQLi\Connection.php(292): mysqli->query('SELECT COUNT(*)...', 0)
#1 D:\_DocumentosDrive\htdocs\cursos\ci4\ordem\vendor\codeigniter4\framework\system\Database\BaseConnection.php(670): CodeIgniter\Database\MySQLi\Connection->execute('SELECT COUNT(*)...')
#2 D:\_DocumentosDrive\htdocs\cursos\ci4\ordem\vendor\codeigniter4\framework\system\Database\BaseConnection.php(598): CodeIgniter\Database\BaseConnection->simpleQuery('SELECT COUNT(*)...')
#3 D:\_DocumentosDrive\htdocs\cursos\ci4\ordem\vendor\codeigniter4\framework\system\Database\BaseBuilder.php(1539): CodeIgniter\Database\BaseConnection->query('SELECT COUNT(*)...', Array, false)
#4 D:\_DocumentosDrive\htdocs\cursos\ci4\ordem\vendor\codeigniter4\framework\system\Model.php(509): CodeIgniter\Database\BaseBuilder->countAllResults(false)
#5 D:\_DocumentosDrive\htdocs\cursos\ci4\ordem\vendor\codeigniter4\framework\system\BaseModel.php(1084): CodeIgniter\Model->countAllResults(false)
#6 D:\_DocumentosDrive\htdocs\cursos\ci4\ordem\app\Models\GrupoPermissaoModel.php(41): CodeIgniter\BaseModel->paginate(5)
#7 D:\_DocumentosDrive\htdocs\cursos\ci4\ordem\app\Controllers\Admin\Grupos.php(266): App\Models\GrupoPermissaoModel->recuperaPermissoesDoGrupo(7, 5)
#8 D:\_DocumentosDrive\htdocs\cursos\ci4\ordem\vendor\codeigniter4\framework\system\CodeIgniter.php(832): App\Controllers\Admin\Grupos->permissoes(7)
#9 D:\_DocumentosDrive\htdocs\cursos\ci4\ordem\vendor\codeigniter4\framework\system\CodeIgniter.php(419): CodeIgniter\CodeIgniter->runController(Object(App\Controllers\Admin\Grupos))
#10 D:\_DocumentosDrive\htdocs\cursos\ci4\ordem\vendor\codeigniter4\framework\system\CodeIgniter.php(326): CodeIgniter\CodeIgniter->handleRequest(NULL, Object(Config\Cache), false)
#11 D:\_DocumentosDrive\htdocs\cursos\ci4\ordem\public\index.php(37): CodeIgniter\CodeIgniter->run()
#12 D:\_DocumentosDrive\htdocs\cursos\ci4\ordem\vendor\codeigniter4\framework\system\Commands\Server\rewrite.php(43): require_once('D:\\_DocumentosD...')
#13 {main}
ERROR - 2022-05-29 01:03:15 --> Unknown column 'grupos_permissoes_id' in 'field list'
CRITICAL - 2022-05-29 01:03:15 --> Unknown column 'grupos_permissoes_id' in 'field list'
#0 D:\_DocumentosDrive\htdocs\cursos\ci4\ordem\vendor\codeigniter4\framework\system\Database\MySQLi\Connection.php(292): mysqli->query('SELECT COUNT(*)...', 0)
#1 D:\_DocumentosDrive\htdocs\cursos\ci4\ordem\vendor\codeigniter4\framework\system\Database\BaseConnection.php(670): CodeIgniter\Database\MySQLi\Connection->execute('SELECT COUNT(*)...')
#2 D:\_DocumentosDrive\htdocs\cursos\ci4\ordem\vendor\codeigniter4\framework\system\Database\BaseConnection.php(598): CodeIgniter\Database\BaseConnection->simpleQuery('SELECT COUNT(*)...')
#3 D:\_DocumentosDrive\htdocs\cursos\ci4\ordem\vendor\codeigniter4\framework\system\Database\BaseBuilder.php(1539): CodeIgniter\Database\BaseConnection->query('SELECT COUNT(*)...', Array, false)
#4 D:\_DocumentosDrive\htdocs\cursos\ci4\ordem\vendor\codeigniter4\framework\system\Model.php(509): CodeIgniter\Database\BaseBuilder->countAllResults(false)
#5 D:\_DocumentosDrive\htdocs\cursos\ci4\ordem\vendor\codeigniter4\framework\system\BaseModel.php(1084): CodeIgniter\Model->countAllResults(false)
#6 D:\_DocumentosDrive\htdocs\cursos\ci4\ordem\app\Models\GrupoPermissaoModel.php(41): CodeIgniter\BaseModel->paginate(5)
#7 D:\_DocumentosDrive\htdocs\cursos\ci4\ordem\app\Controllers\Admin\Grupos.php(266): App\Models\GrupoPermissaoModel->recuperaPermissoesDoGrupo(7, 5)
#8 D:\_DocumentosDrive\htdocs\cursos\ci4\ordem\vendor\codeigniter4\framework\system\CodeIgniter.php(832): App\Controllers\Admin\Grupos->permissoes(7)
#9 D:\_DocumentosDrive\htdocs\cursos\ci4\ordem\vendor\codeigniter4\framework\system\CodeIgniter.php(419): CodeIgniter\CodeIgniter->runController(Object(App\Controllers\Admin\Grupos))
#10 D:\_DocumentosDrive\htdocs\cursos\ci4\ordem\vendor\codeigniter4\framework\system\CodeIgniter.php(326): CodeIgniter\CodeIgniter->handleRequest(NULL, Object(Config\Cache), false)
#11 D:\_DocumentosDrive\htdocs\cursos\ci4\ordem\public\index.php(37): CodeIgniter\CodeIgniter->run()
#12 D:\_DocumentosDrive\htdocs\cursos\ci4\ordem\vendor\codeigniter4\framework\system\Commands\Server\rewrite.php(43): require_once('D:\\_DocumentosD...')
#13 {main}
ERROR - 2022-05-29 01:05:19 --> Unknown column 'grupos_permissoes_id' in 'field list'
CRITICAL - 2022-05-29 01:05:19 --> Unknown column 'grupos_permissoes_id' in 'field list'
#0 D:\_DocumentosDrive\htdocs\cursos\ci4\ordem\vendor\codeigniter4\framework\system\Database\MySQLi\Connection.php(292): mysqli->query('SELECT COUNT(*)...', 0)
#1 D:\_DocumentosDrive\htdocs\cursos\ci4\ordem\vendor\codeigniter4\framework\system\Database\BaseConnection.php(670): CodeIgniter\Database\MySQLi\Connection->execute('SELECT COUNT(*)...')
#2 D:\_DocumentosDrive\htdocs\cursos\ci4\ordem\vendor\codeigniter4\framework\system\Database\BaseConnection.php(598): CodeIgniter\Database\BaseConnection->simpleQuery('SELECT COUNT(*)...')
#3 D:\_DocumentosDrive\htdocs\cursos\ci4\ordem\vendor\codeigniter4\framework\system\Database\BaseBuilder.php(1539): CodeIgniter\Database\BaseConnection->query('SELECT COUNT(*)...', Array, false)
#4 D:\_DocumentosDrive\htdocs\cursos\ci4\ordem\vendor\codeigniter4\framework\system\Model.php(509): CodeIgniter\Database\BaseBuilder->countAllResults(false)
#5 D:\_DocumentosDrive\htdocs\cursos\ci4\ordem\vendor\codeigniter4\framework\system\BaseModel.php(1084): CodeIgniter\Model->countAllResults(false)
#6 D:\_DocumentosDrive\htdocs\cursos\ci4\ordem\app\Models\GrupoPermissaoModel.php(41): CodeIgniter\BaseModel->paginate(5)
#7 D:\_DocumentosDrive\htdocs\cursos\ci4\ordem\app\Controllers\Admin\Grupos.php(266): App\Models\GrupoPermissaoModel->recuperaPermissoesDoGrupo(7, 5)
#8 D:\_DocumentosDrive\htdocs\cursos\ci4\ordem\vendor\codeigniter4\framework\system\CodeIgniter.php(832): App\Controllers\Admin\Grupos->permissoes(7)
#9 D:\_DocumentosDrive\htdocs\cursos\ci4\ordem\vendor\codeigniter4\framework\system\CodeIgniter.php(419): CodeIgniter\CodeIgniter->runController(Object(App\Controllers\Admin\Grupos))
#10 D:\_DocumentosDrive\htdocs\cursos\ci4\ordem\vendor\codeigniter4\framework\system\CodeIgniter.php(326): CodeIgniter\CodeIgniter->handleRequest(NULL, Object(Config\Cache), false)
#11 D:\_DocumentosDrive\htdocs\cursos\ci4\ordem\public\index.php(37): CodeIgniter\CodeIgniter->run()
#12 D:\_DocumentosDrive\htdocs\cursos\ci4\ordem\vendor\codeigniter4\framework\system\Commands\Server\rewrite.php(43): require_once('D:\\_DocumentosD...')
#13 {main}
ERROR - 2022-05-29 01:06:03 --> Unknown column 'grupos_permissoes_id' in 'field list'
CRITICAL - 2022-05-29 01:06:03 --> Unknown column 'grupos_permissoes_id' in 'field list'
#0 D:\_DocumentosDrive\htdocs\cursos\ci4\ordem\vendor\codeigniter4\framework\system\Database\MySQLi\Connection.php(292): mysqli->query('SELECT COUNT(*)...', 0)
#1 D:\_DocumentosDrive\htdocs\cursos\ci4\ordem\vendor\codeigniter4\framework\system\Database\BaseConnection.php(670): CodeIgniter\Database\MySQLi\Connection->execute('SELECT COUNT(*)...')
#2 D:\_DocumentosDrive\htdocs\cursos\ci4\ordem\vendor\codeigniter4\framework\system\Database\BaseConnection.php(598): CodeIgniter\Database\BaseConnection->simpleQuery('SELECT COUNT(*)...')
#3 D:\_DocumentosDrive\htdocs\cursos\ci4\ordem\vendor\codeigniter4\framework\system\Database\BaseBuilder.php(1539): CodeIgniter\Database\BaseConnection->query('SELECT COUNT(*)...', Array, false)
#4 D:\_DocumentosDrive\htdocs\cursos\ci4\ordem\vendor\codeigniter4\framework\system\Model.php(509): CodeIgniter\Database\BaseBuilder->countAllResults(false)
#5 D:\_DocumentosDrive\htdocs\cursos\ci4\ordem\vendor\codeigniter4\framework\system\BaseModel.php(1084): CodeIgniter\Model->countAllResults(false)
#6 D:\_DocumentosDrive\htdocs\cursos\ci4\ordem\app\Models\GrupoPermissaoModel.php(41): CodeIgniter\BaseModel->paginate(5)
#7 D:\_DocumentosDrive\htdocs\cursos\ci4\ordem\app\Controllers\Admin\Grupos.php(266): App\Models\GrupoPermissaoModel->recuperaPermissoesDoGrupo(7, 5)
#8 D:\_DocumentosDrive\htdocs\cursos\ci4\ordem\vendor\codeigniter4\framework\system\CodeIgniter.php(832): App\Controllers\Admin\Grupos->permissoes(7)
#9 D:\_DocumentosDrive\htdocs\cursos\ci4\ordem\vendor\codeigniter4\framework\system\CodeIgniter.php(419): CodeIgniter\CodeIgniter->runController(Object(App\Controllers\Admin\Grupos))
#10 D:\_DocumentosDrive\htdocs\cursos\ci4\ordem\vendor\codeigniter4\framework\system\CodeIgniter.php(326): CodeIgniter\CodeIgniter->handleRequest(NULL, Object(Config\Cache), false)
#11 D:\_DocumentosDrive\htdocs\cursos\ci4\ordem\public\index.php(37): CodeIgniter\CodeIgniter->run()
#12 D:\_DocumentosDrive\htdocs\cursos\ci4\ordem\vendor\codeigniter4\framework\system\Commands\Server\rewrite.php(43): require_once('D:\\_DocumentosD...')
#13 {main}
ERROR - 2022-05-29 01:06:07 --> Unknown column 'grupos_permissoes_id' in 'field list'
CRITICAL - 2022-05-29 01:06:07 --> Unknown column 'grupos_permissoes_id' in 'field list'
#0 D:\_DocumentosDrive\htdocs\cursos\ci4\ordem\vendor\codeigniter4\framework\system\Database\MySQLi\Connection.php(292): mysqli->query('SELECT COUNT(*)...', 0)
#1 D:\_DocumentosDrive\htdocs\cursos\ci4\ordem\vendor\codeigniter4\framework\system\Database\BaseConnection.php(670): CodeIgniter\Database\MySQLi\Connection->execute('SELECT COUNT(*)...')
#2 D:\_DocumentosDrive\htdocs\cursos\ci4\ordem\vendor\codeigniter4\framework\system\Database\BaseConnection.php(598): CodeIgniter\Database\BaseConnection->simpleQuery('SELECT COUNT(*)...')
#3 D:\_DocumentosDrive\htdocs\cursos\ci4\ordem\vendor\codeigniter4\framework\system\Database\BaseBuilder.php(1539): CodeIgniter\Database\BaseConnection->query('SELECT COUNT(*)...', Array, false)
#4 D:\_DocumentosDrive\htdocs\cursos\ci4\ordem\vendor\codeigniter4\framework\system\Model.php(509): CodeIgniter\Database\BaseBuilder->countAllResults(false)
#5 D:\_DocumentosDrive\htdocs\cursos\ci4\ordem\vendor\codeigniter4\framework\system\BaseModel.php(1084): CodeIgniter\Model->countAllResults(false)
#6 D:\_DocumentosDrive\htdocs\cursos\ci4\ordem\app\Models\GrupoPermissaoModel.php(41): CodeIgniter\BaseModel->paginate(5)
#7 D:\_DocumentosDrive\htdocs\cursos\ci4\ordem\app\Controllers\Admin\Grupos.php(266): App\Models\GrupoPermissaoModel->recuperaPermissoesDoGrupo(7, 5)
#8 D:\_DocumentosDrive\htdocs\cursos\ci4\ordem\vendor\codeigniter4\framework\system\CodeIgniter.php(832): App\Controllers\Admin\Grupos->permissoes(7)
#9 D:\_DocumentosDrive\htdocs\cursos\ci4\ordem\vendor\codeigniter4\framework\system\CodeIgniter.php(419): CodeIgniter\CodeIgniter->runController(Object(App\Controllers\Admin\Grupos))
#10 D:\_DocumentosDrive\htdocs\cursos\ci4\ordem\vendor\codeigniter4\framework\system\CodeIgniter.php(326): CodeIgniter\CodeIgniter->handleRequest(NULL, Object(Config\Cache), false)
#11 D:\_DocumentosDrive\htdocs\cursos\ci4\ordem\public\index.php(37): CodeIgniter\CodeIgniter->run()
#12 D:\_DocumentosDrive\htdocs\cursos\ci4\ordem\vendor\codeigniter4\framework\system\Commands\Server\rewrite.php(43): require_once('D:\\_DocumentosD...')
#13 {main}
CRITICAL - 2022-05-29 01:49:14 --> syntax error, unexpected '3' (T_LNUMBER)
#0 D:\_DocumentosDrive\htdocs\cursos\ci4\ordem\vendor\codeigniter4\framework\system\Router\Router.php(175): CodeIgniter\Router\Router->autoRoute('admin/grupos/pe...')
#1 D:\_DocumentosDrive\htdocs\cursos\ci4\ordem\vendor\codeigniter4\framework\system\CodeIgniter.php(726): CodeIgniter\Router\Router->handle('admin/grupos/pe...')
#2 D:\_DocumentosDrive\htdocs\cursos\ci4\ordem\vendor\codeigniter4\framework\system\CodeIgniter.php(368): CodeIgniter\CodeIgniter->tryToRouteIt(Object(CodeIgniter\Router\RouteCollection))
#3 D:\_DocumentosDrive\htdocs\cursos\ci4\ordem\vendor\codeigniter4\framework\system\CodeIgniter.php(326): CodeIgniter\CodeIgniter->handleRequest(NULL, Object(Config\Cache), false)
#4 D:\_DocumentosDrive\htdocs\cursos\ci4\ordem\public\index.php(37): CodeIgniter\CodeIgniter->run()
#5 D:\_DocumentosDrive\htdocs\cursos\ci4\ordem\vendor\codeigniter4\framework\system\Commands\Server\rewrite.php(43): require_once('D:\\_DocumentosD...')
#6 {main}
CRITICAL - 2022-05-29 01:50:59 --> syntax error, unexpected ','
#0 D:\_DocumentosDrive\htdocs\cursos\ci4\ordem\vendor\codeigniter4\framework\system\Router\Router.php(175): CodeIgniter\Router\Router->autoRoute('admin/grupos/pe...')
#1 D:\_DocumentosDrive\htdocs\cursos\ci4\ordem\vendor\codeigniter4\framework\system\CodeIgniter.php(726): CodeIgniter\Router\Router->handle('admin/grupos/pe...')
#2 D:\_DocumentosDrive\htdocs\cursos\ci4\ordem\vendor\codeigniter4\framework\system\CodeIgniter.php(368): CodeIgniter\CodeIgniter->tryToRouteIt(Object(CodeIgniter\Router\RouteCollection))
#3 D:\_DocumentosDrive\htdocs\cursos\ci4\ordem\vendor\codeigniter4\framework\system\CodeIgniter.php(326): CodeIgniter\CodeIgniter->handleRequest(NULL, Object(Config\Cache), false)
#4 D:\_DocumentosDrive\htdocs\cursos\ci4\ordem\public\index.php(37): CodeIgniter\CodeIgniter->run()
#5 D:\_DocumentosDrive\htdocs\cursos\ci4\ordem\vendor\codeigniter4\framework\system\Commands\Server\rewrite.php(43): require_once('D:\\_DocumentosD...')
#6 {main}
CRITICAL - 2022-05-29 02:00:07 --> bootstrap_pagination não é um Pager template válido.
#0 D:\_DocumentosDrive\htdocs\cursos\ci4\ordem\vendor\codeigniter4\framework\system\Pager\Pager.php(120): CodeIgniter\Pager\Exceptions\PagerException::forInvalidTemplate('bootstrap_pagin...')
#1 D:\_DocumentosDrive\htdocs\cursos\ci4\ordem\vendor\codeigniter4\framework\system\Pager\Pager.php(83): CodeIgniter\Pager\Pager->displayLinks('default', 'bootstrap_pagin...')
#2 D:\_DocumentosDrive\htdocs\cursos\ci4\ordem\app\Views\Admin\Grupos\permissoes.php(49): CodeIgniter\Pager\Pager->links('default', 'bootstrap_pagin...')
#3 D:\_DocumentosDrive\htdocs\cursos\ci4\ordem\vendor\codeigniter4\framework\system\View\View.php(210): include('D:\\_DocumentosD...')
#4 D:\_DocumentosDrive\htdocs\cursos\ci4\ordem\vendor\codeigniter4\framework\system\View\View.php(213): CodeIgniter\View\View->CodeIgniter\View\{closure}()
#5 D:\_DocumentosDrive\htdocs\cursos\ci4\ordem\vendor\codeigniter4\framework\system\Common.php(1089): CodeIgniter\View\View->render('Admin/Grupos/pe...', Array, true)
#6 D:\_DocumentosDrive\htdocs\cursos\ci4\ordem\app\Controllers\Admin\Grupos.php(277): view('Admin/Grupos/pe...', Array)
#7 D:\_DocumentosDrive\htdocs\cursos\ci4\ordem\vendor\codeigniter4\framework\system\CodeIgniter.php(832): App\Controllers\Admin\Grupos->permissoes(5)
#8 D:\_DocumentosDrive\htdocs\cursos\ci4\ordem\vendor\codeigniter4\framework\system\CodeIgniter.php(419): CodeIgniter\CodeIgniter->runController(Object(App\Controllers\Admin\Grupos))
#9 D:\_DocumentosDrive\htdocs\cursos\ci4\ordem\vendor\codeigniter4\framework\system\CodeIgniter.php(326): CodeIgniter\CodeIgniter->handleRequest(NULL, Object(Config\Cache), false)
#10 D:\_DocumentosDrive\htdocs\cursos\ci4\ordem\public\index.php(37): CodeIgniter\CodeIgniter->run()
#11 D:\_DocumentosDrive\htdocs\cursos\ci4\ordem\vendor\codeigniter4\framework\system\Commands\Server\rewrite.php(43): require_once('D:\\_DocumentosD...')
#12 {main}
CRITICAL - 2022-05-29 02:03:36 --> bootstrap_pagination não é um Pager template válido.
#0 D:\_DocumentosDrive\htdocs\cursos\ci4\ordem\vendor\codeigniter4\framework\system\Pager\Pager.php(120): CodeIgniter\Pager\Exceptions\PagerException::forInvalidTemplate('bootstrap_pagin...')
#1 D:\_DocumentosDrive\htdocs\cursos\ci4\ordem\vendor\codeigniter4\framework\system\Pager\Pager.php(83): CodeIgniter\Pager\Pager->displayLinks('default', 'bootstrap_pagin...')
#2 D:\_DocumentosDrive\htdocs\cursos\ci4\ordem\app\Views\Admin\Grupos\permissoes.php(49): CodeIgniter\Pager\Pager->links('default', 'bootstrap_pagin...')
#3 D:\_DocumentosDrive\htdocs\cursos\ci4\ordem\vendor\codeigniter4\framework\system\View\View.php(210): include('D:\\_DocumentosD...')
#4 D:\_DocumentosDrive\htdocs\cursos\ci4\ordem\vendor\codeigniter4\framework\system\View\View.php(213): CodeIgniter\View\View->CodeIgniter\View\{closure}()
#5 D:\_DocumentosDrive\htdocs\cursos\ci4\ordem\vendor\codeigniter4\framework\system\Common.php(1089): CodeIgniter\View\View->render('Admin/Grupos/pe...', Array, true)
#6 D:\_DocumentosDrive\htdocs\cursos\ci4\ordem\app\Controllers\Admin\Grupos.php(277): view('Admin/Grupos/pe...', Array)
#7 D:\_DocumentosDrive\htdocs\cursos\ci4\ordem\vendor\codeigniter4\framework\system\CodeIgniter.php(832): App\Controllers\Admin\Grupos->permissoes(5)
#8 D:\_DocumentosDrive\htdocs\cursos\ci4\ordem\vendor\codeigniter4\framework\system\CodeIgniter.php(419): CodeIgniter\CodeIgniter->runController(Object(App\Controllers\Admin\Grupos))
#9 D:\_DocumentosDrive\htdocs\cursos\ci4\ordem\vendor\codeigniter4\framework\system\CodeIgniter.php(326): CodeIgniter\CodeIgniter->handleRequest(NULL, Object(Config\Cache), false)
#10 D:\_DocumentosDrive\htdocs\cursos\ci4\ordem\public\index.php(37): CodeIgniter\CodeIgniter->run()
#11 D:\_DocumentosDrive\htdocs\cursos\ci4\ordem\vendor\codeigniter4\framework\system\Commands\Server\rewrite.php(43): require_once('D:\\_DocumentosD...')
#12 {main}
CRITICAL - 2022-05-29 02:03:59 --> bootstrap_pagination não é um Pager template válido.
#0 D:\_DocumentosDrive\htdocs\cursos\ci4\ordem\vendor\codeigniter4\framework\system\Pager\Pager.php(120): CodeIgniter\Pager\Exceptions\PagerException::forInvalidTemplate('bootstrap_pagin...')
#1 D:\_DocumentosDrive\htdocs\cursos\ci4\ordem\vendor\codeigniter4\framework\system\Pager\Pager.php(83): CodeIgniter\Pager\Pager->displayLinks('default', 'bootstrap_pagin...')
#2 D:\_DocumentosDrive\htdocs\cursos\ci4\ordem\app\Views\Admin\Grupos\permissoes.php(49): CodeIgniter\Pager\Pager->links('default', 'bootstrap_pagin...')
#3 D:\_DocumentosDrive\htdocs\cursos\ci4\ordem\vendor\codeigniter4\framework\system\View\View.php(210): include('D:\\_DocumentosD...')
#4 D:\_DocumentosDrive\htdocs\cursos\ci4\ordem\vendor\codeigniter4\framework\system\View\View.php(213): CodeIgniter\View\View->CodeIgniter\View\{closure}()
#5 D:\_DocumentosDrive\htdocs\cursos\ci4\ordem\vendor\codeigniter4\framework\system\Common.php(1089): CodeIgniter\View\View->render('Admin/Grupos/pe...', Array, true)
#6 D:\_DocumentosDrive\htdocs\cursos\ci4\ordem\app\Controllers\Admin\Grupos.php(277): view('Admin/Grupos/pe...', Array)
#7 D:\_DocumentosDrive\htdocs\cursos\ci4\ordem\vendor\codeigniter4\framework\system\CodeIgniter.php(832): App\Controllers\Admin\Grupos->permissoes(5)
#8 D:\_DocumentosDrive\htdocs\cursos\ci4\ordem\vendor\codeigniter4\framework\system\CodeIgniter.php(419): CodeIgniter\CodeIgniter->runController(Object(App\Controllers\Admin\Grupos))
#9 D:\_DocumentosDrive\htdocs\cursos\ci4\ordem\vendor\codeigniter4\framework\system\CodeIgniter.php(326): CodeIgniter\CodeIgniter->handleRequest(NULL, Object(Config\Cache), false)
#10 D:\_DocumentosDrive\htdocs\cursos\ci4\ordem\public\index.php(37): CodeIgniter\CodeIgniter->run()
#11 D:\_DocumentosDrive\htdocs\cursos\ci4\ordem\vendor\codeigniter4\framework\system\Commands\Server\rewrite.php(43): require_once('D:\\_DocumentosD...')
#12 {main}
