CRITICAL - 2022-05-25 22:27:06 --> Call to undefined function form_open_multipart()
#0 D:\_DocumentosDrive\htdocs\cursos\ci4\ordem\vendor\codeigniter4\framework\system\View\View.php(210): include()
#1 D:\_DocumentosDrive\htdocs\cursos\ci4\ordem\vendor\codeigniter4\framework\system\View\View.php(213): CodeIgniter\View\View->CodeIgniter\View\{closure}()
#2 D:\_DocumentosDrive\htdocs\cursos\ci4\ordem\vendor\codeigniter4\framework\system\Common.php(1089): CodeIgniter\View\View->render('Admin/Usuarios/...', Array, true)
#3 D:\_DocumentosDrive\htdocs\cursos\ci4\ordem\app\Controllers\Admin\Usuarios.php(206): view('Admin/Usuarios/...', Array)
#4 D:\_DocumentosDrive\htdocs\cursos\ci4\ordem\vendor\codeigniter4\framework\system\CodeIgniter.php(832): App\Controllers\Admin\Usuarios->editarImagem(1458)
#5 D:\_DocumentosDrive\htdocs\cursos\ci4\ordem\vendor\codeigniter4\framework\system\CodeIgniter.php(419): CodeIgniter\CodeIgniter->runController(Object(App\Controllers\Admin\Usuarios))
#6 D:\_DocumentosDrive\htdocs\cursos\ci4\ordem\vendor\codeigniter4\framework\system\CodeIgniter.php(326): CodeIgniter\CodeIgniter->handleRequest(NULL, Object(Config\Cache), false)
#7 D:\_DocumentosDrive\htdocs\cursos\ci4\ordem\public\index.php(37): CodeIgniter\CodeIgniter->run()
#8 D:\_DocumentosDrive\htdocs\cursos\ci4\ordem\vendor\codeigniter4\framework\system\Commands\Server\rewrite.php(43): require_once('D:\\_DocumentosD...')
#9 {main}
CRITICAL - 2022-05-25 22:30:19 --> Call to undefined function form_open()
#0 D:\_DocumentosDrive\htdocs\cursos\ci4\ordem\vendor\codeigniter4\framework\system\View\View.php(210): include()
#1 D:\_DocumentosDrive\htdocs\cursos\ci4\ordem\vendor\codeigniter4\framework\system\View\View.php(213): CodeIgniter\View\View->CodeIgniter\View\{closure}()
#2 D:\_DocumentosDrive\htdocs\cursos\ci4\ordem\vendor\codeigniter4\framework\system\Common.php(1089): CodeIgniter\View\View->render('Admin/Usuarios/...', Array, true)
#3 D:\_DocumentosDrive\htdocs\cursos\ci4\ordem\app\Controllers\Admin\Usuarios.php(141): view('Admin/Usuarios/...', Array)
#4 D:\_DocumentosDrive\htdocs\cursos\ci4\ordem\vendor\codeigniter4\framework\system\CodeIgniter.php(832): App\Controllers\Admin\Usuarios->editar(1458)
#5 D:\_DocumentosDrive\htdocs\cursos\ci4\ordem\vendor\codeigniter4\framework\system\CodeIgniter.php(419): CodeIgniter\CodeIgniter->runController(Object(App\Controllers\Admin\Usuarios))
#6 D:\_DocumentosDrive\htdocs\cursos\ci4\ordem\vendor\codeigniter4\framework\system\CodeIgniter.php(326): CodeIgniter\CodeIgniter->handleRequest(NULL, Object(Config\Cache), false)
#7 D:\_DocumentosDrive\htdocs\cursos\ci4\ordem\public\index.php(37): CodeIgniter\CodeIgniter->run()
#8 D:\_DocumentosDrive\htdocs\cursos\ci4\ordem\vendor\codeigniter4\framework\system\Commands\Server\rewrite.php(43): require_once('D:\\_DocumentosD...')
#9 {main}
