CRITICAL - 2022-05-26 21:27:22 --> syntax error, unexpected '}', expecting ';'
#0 D:\_DocumentosDrive\htdocs\cursos\ci4\ordem\vendor\codeigniter4\framework\system\Router\Router.php(175): CodeIgniter\Router\Router->autoRoute('admin/usuarios/...')
#1 D:\_DocumentosDrive\htdocs\cursos\ci4\ordem\vendor\codeigniter4\framework\system\CodeIgniter.php(726): CodeIgniter\Router\Router->handle('admin/usuarios/...')
#2 D:\_DocumentosDrive\htdocs\cursos\ci4\ordem\vendor\codeigniter4\framework\system\CodeIgniter.php(368): CodeIgniter\CodeIgniter->tryToRouteIt(Object(CodeIgniter\Router\RouteCollection))
#3 D:\_DocumentosDrive\htdocs\cursos\ci4\ordem\vendor\codeigniter4\framework\system\CodeIgniter.php(326): CodeIgniter\CodeIgniter->handleRequest(NULL, Object(Config\Cache), false)
#4 D:\_DocumentosDrive\htdocs\cursos\ci4\ordem\public\index.php(37): CodeIgniter\CodeIgniter->run()
#5 D:\_DocumentosDrive\htdocs\cursos\ci4\ordem\vendor\codeigniter4\framework\system\Commands\Server\rewrite.php(43): require_once('D:\\_DocumentosD...')
#6 {main}
CRITICAL - 2022-05-26 21:35:53 --> finfo::file(D:\_DocumentosDrive\htdocs\cursos\ci4\ordem\writable\uploads/usuarios/1653534023_95ef2d4f13c62075ba9f.jpg): failed to open stream: No such file or directory
#0 [internal function]: CodeIgniter\Debug\Exceptions->errorHandler(2, 'finfo::file(D:\\...', 'D:\\_DocumentosD...', 59, Array)
#1 D:\_DocumentosDrive\htdocs\cursos\ci4\ordem\app\Controllers\BaseController.php(59): finfo->file('D:\\_DocumentosD...')
#2 D:\_DocumentosDrive\htdocs\cursos\ci4\ordem\app\Controllers\Admin\Usuarios.php(322): App\Controllers\BaseController->exibeArquivo('usuarios', '1653534023_95ef...')
#3 D:\_DocumentosDrive\htdocs\cursos\ci4\ordem\vendor\codeigniter4\framework\system\CodeIgniter.php(832): App\Controllers\Admin\Usuarios->imagem('1653534023_95ef...')
#4 D:\_DocumentosDrive\htdocs\cursos\ci4\ordem\vendor\codeigniter4\framework\system\CodeIgniter.php(419): CodeIgniter\CodeIgniter->runController(Object(App\Controllers\Admin\Usuarios))
#5 D:\_DocumentosDrive\htdocs\cursos\ci4\ordem\vendor\codeigniter4\framework\system\CodeIgniter.php(326): CodeIgniter\CodeIgniter->handleRequest(NULL, Object(Config\Cache), false)
#6 D:\_DocumentosDrive\htdocs\cursos\ci4\ordem\public\index.php(37): CodeIgniter\CodeIgniter->run()
#7 D:\_DocumentosDrive\htdocs\cursos\ci4\ordem\vendor\codeigniter4\framework\system\Commands\Server\rewrite.php(43): require_once('D:\\_DocumentosD...')
#8 {main}
CRITICAL - 2022-05-26 21:36:21 --> finfo::file(D:\_DocumentosDrive\htdocs\cursos\ci4\ordem\writable\uploads/usuarios/1653534023_95ef2d4f13c62075ba9f.jpg): failed to open stream: No such file or directory
#0 [internal function]: CodeIgniter\Debug\Exceptions->errorHandler(2, 'finfo::file(D:\\...', 'D:\\_DocumentosD...', 59, Array)
#1 D:\_DocumentosDrive\htdocs\cursos\ci4\ordem\app\Controllers\BaseController.php(59): finfo->file('D:\\_DocumentosD...')
#2 D:\_DocumentosDrive\htdocs\cursos\ci4\ordem\app\Controllers\Admin\Usuarios.php(322): App\Controllers\BaseController->exibeArquivo('usuarios', '1653534023_95ef...')
#3 D:\_DocumentosDrive\htdocs\cursos\ci4\ordem\vendor\codeigniter4\framework\system\CodeIgniter.php(832): App\Controllers\Admin\Usuarios->imagem('1653534023_95ef...')
#4 D:\_DocumentosDrive\htdocs\cursos\ci4\ordem\vendor\codeigniter4\framework\system\CodeIgniter.php(419): CodeIgniter\CodeIgniter->runController(Object(App\Controllers\Admin\Usuarios))
#5 D:\_DocumentosDrive\htdocs\cursos\ci4\ordem\vendor\codeigniter4\framework\system\CodeIgniter.php(326): CodeIgniter\CodeIgniter->handleRequest(NULL, Object(Config\Cache), false)
#6 D:\_DocumentosDrive\htdocs\cursos\ci4\ordem\public\index.php(37): CodeIgniter\CodeIgniter->run()
#7 D:\_DocumentosDrive\htdocs\cursos\ci4\ordem\vendor\codeigniter4\framework\system\Commands\Server\rewrite.php(43): require_once('D:\\_DocumentosD...')
#8 {main}
CRITICAL - 2022-05-26 21:42:07 --> finfo::file(D:\_DocumentosDrive\htdocs\cursos\ci4\ordem\writable\uploads/usuarios/1653534023_95ef2d4f13c62075ba9f.jpg): failed to open stream: No such file or directory
#0 [internal function]: CodeIgniter\Debug\Exceptions->errorHandler(2, 'finfo::file(D:\\...', 'D:\\_DocumentosD...', 59, Array)
#1 D:\_DocumentosDrive\htdocs\cursos\ci4\ordem\app\Controllers\BaseController.php(59): finfo->file('D:\\_DocumentosD...')
#2 D:\_DocumentosDrive\htdocs\cursos\ci4\ordem\app\Controllers\Admin\Usuarios.php(322): App\Controllers\BaseController->exibeArquivo('usuarios', '1653534023_95ef...')
#3 D:\_DocumentosDrive\htdocs\cursos\ci4\ordem\vendor\codeigniter4\framework\system\CodeIgniter.php(832): App\Controllers\Admin\Usuarios->imagem('1653534023_95ef...')
#4 D:\_DocumentosDrive\htdocs\cursos\ci4\ordem\vendor\codeigniter4\framework\system\CodeIgniter.php(419): CodeIgniter\CodeIgniter->runController(Object(App\Controllers\Admin\Usuarios))
#5 D:\_DocumentosDrive\htdocs\cursos\ci4\ordem\vendor\codeigniter4\framework\system\CodeIgniter.php(326): CodeIgniter\CodeIgniter->handleRequest(NULL, Object(Config\Cache), false)
#6 D:\_DocumentosDrive\htdocs\cursos\ci4\ordem\public\index.php(37): CodeIgniter\CodeIgniter->run()
#7 D:\_DocumentosDrive\htdocs\cursos\ci4\ordem\vendor\codeigniter4\framework\system\Commands\Server\rewrite.php(43): require_once('D:\\_DocumentosD...')
#8 {main}
CRITICAL - 2022-05-26 21:43:04 --> finfo::file(D:\_DocumentosDrive\htdocs\cursos\ci4\ordem\writable\uploads/usuarios/1653534023_95ef2d4f13c62075ba9f.jpg): failed to open stream: No such file or directory
#0 [internal function]: CodeIgniter\Debug\Exceptions->errorHandler(2, 'finfo::file(D:\\...', 'D:\\_DocumentosD...', 59, Array)
#1 D:\_DocumentosDrive\htdocs\cursos\ci4\ordem\app\Controllers\BaseController.php(59): finfo->file('D:\\_DocumentosD...')
#2 D:\_DocumentosDrive\htdocs\cursos\ci4\ordem\app\Controllers\Admin\Usuarios.php(322): App\Controllers\BaseController->exibeArquivo('usuarios', '1653534023_95ef...')
#3 D:\_DocumentosDrive\htdocs\cursos\ci4\ordem\vendor\codeigniter4\framework\system\CodeIgniter.php(832): App\Controllers\Admin\Usuarios->imagem('1653534023_95ef...')
#4 D:\_DocumentosDrive\htdocs\cursos\ci4\ordem\vendor\codeigniter4\framework\system\CodeIgniter.php(419): CodeIgniter\CodeIgniter->runController(Object(App\Controllers\Admin\Usuarios))
#5 D:\_DocumentosDrive\htdocs\cursos\ci4\ordem\vendor\codeigniter4\framework\system\CodeIgniter.php(326): CodeIgniter\CodeIgniter->handleRequest(NULL, Object(Config\Cache), false)
#6 D:\_DocumentosDrive\htdocs\cursos\ci4\ordem\public\index.php(37): CodeIgniter\CodeIgniter->run()
#7 D:\_DocumentosDrive\htdocs\cursos\ci4\ordem\vendor\codeigniter4\framework\system\Commands\Server\rewrite.php(43): require_once('D:\\_DocumentosD...')
#8 {main}
CRITICAL - 2022-05-26 21:43:38 --> finfo::file(D:\_DocumentosDrive\htdocs\cursos\ci4\ordem\writable\uploads/usuarios/1653534023_95ef2d4f13c62075ba9f.jpg): failed to open stream: No such file or directory
#0 [internal function]: CodeIgniter\Debug\Exceptions->errorHandler(2, 'finfo::file(D:\\...', 'D:\\_DocumentosD...', 59, Array)
#1 D:\_DocumentosDrive\htdocs\cursos\ci4\ordem\app\Controllers\BaseController.php(59): finfo->file('D:\\_DocumentosD...')
#2 D:\_DocumentosDrive\htdocs\cursos\ci4\ordem\app\Controllers\Admin\Usuarios.php(322): App\Controllers\BaseController->exibeArquivo('usuarios', '1653534023_95ef...')
#3 D:\_DocumentosDrive\htdocs\cursos\ci4\ordem\vendor\codeigniter4\framework\system\CodeIgniter.php(832): App\Controllers\Admin\Usuarios->imagem('1653534023_95ef...')
#4 D:\_DocumentosDrive\htdocs\cursos\ci4\ordem\vendor\codeigniter4\framework\system\CodeIgniter.php(419): CodeIgniter\CodeIgniter->runController(Object(App\Controllers\Admin\Usuarios))
#5 D:\_DocumentosDrive\htdocs\cursos\ci4\ordem\vendor\codeigniter4\framework\system\CodeIgniter.php(326): CodeIgniter\CodeIgniter->handleRequest(NULL, Object(Config\Cache), false)
#6 D:\_DocumentosDrive\htdocs\cursos\ci4\ordem\public\index.php(37): CodeIgniter\CodeIgniter->run()
#7 D:\_DocumentosDrive\htdocs\cursos\ci4\ordem\vendor\codeigniter4\framework\system\Commands\Server\rewrite.php(43): require_once('D:\\_DocumentosD...')
#8 {main}
CRITICAL - 2022-05-26 21:43:58 --> finfo::file(D:\_DocumentosDrive\htdocs\cursos\ci4\ordem\writable\uploads/usuarios/1653534023_95ef2d4f13c62075ba9f.jpg): failed to open stream: No such file or directory
#0 [internal function]: CodeIgniter\Debug\Exceptions->errorHandler(2, 'finfo::file(D:\\...', 'D:\\_DocumentosD...', 59, Array)
#1 D:\_DocumentosDrive\htdocs\cursos\ci4\ordem\app\Controllers\BaseController.php(59): finfo->file('D:\\_DocumentosD...')
#2 D:\_DocumentosDrive\htdocs\cursos\ci4\ordem\app\Controllers\Admin\Usuarios.php(322): App\Controllers\BaseController->exibeArquivo('usuarios', '1653534023_95ef...')
#3 D:\_DocumentosDrive\htdocs\cursos\ci4\ordem\vendor\codeigniter4\framework\system\CodeIgniter.php(832): App\Controllers\Admin\Usuarios->imagem('1653534023_95ef...')
#4 D:\_DocumentosDrive\htdocs\cursos\ci4\ordem\vendor\codeigniter4\framework\system\CodeIgniter.php(419): CodeIgniter\CodeIgniter->runController(Object(App\Controllers\Admin\Usuarios))
#5 D:\_DocumentosDrive\htdocs\cursos\ci4\ordem\vendor\codeigniter4\framework\system\CodeIgniter.php(326): CodeIgniter\CodeIgniter->handleRequest(NULL, Object(Config\Cache), false)
#6 D:\_DocumentosDrive\htdocs\cursos\ci4\ordem\public\index.php(37): CodeIgniter\CodeIgniter->run()
#7 D:\_DocumentosDrive\htdocs\cursos\ci4\ordem\vendor\codeigniter4\framework\system\Commands\Server\rewrite.php(43): require_once('D:\\_DocumentosD...')
#8 {main}
