CRITICAL - 2022-05-30 12:11:36 --> Undefined variable: titulo
#0 D:\_DocumentosDrive\htdocs\cursos\ci4\ordem\app\Views\Admin\Home\index.php(5): CodeIgniter\Debug\Exceptions->errorHandler(8, 'Undefined varia...', 'D:\\_DocumentosD...', 5, Array)
#1 D:\_DocumentosDrive\htdocs\cursos\ci4\ordem\vendor\codeigniter4\framework\system\View\View.php(210): include('D:\\_DocumentosD...')
#2 D:\_DocumentosDrive\htdocs\cursos\ci4\ordem\vendor\codeigniter4\framework\system\View\View.php(213): CodeIgniter\View\View->CodeIgniter\View\{closure}()
#3 D:\_DocumentosDrive\htdocs\cursos\ci4\ordem\vendor\codeigniter4\framework\system\Common.php(1089): CodeIgniter\View\View->render('Admin/Home/inde...', Array, true)
#4 D:\_DocumentosDrive\htdocs\cursos\ci4\ordem\app\Controllers\Home.php(9): view('Admin/Home/inde...')
#5 D:\_DocumentosDrive\htdocs\cursos\ci4\ordem\vendor\codeigniter4\framework\system\CodeIgniter.php(832): App\Controllers\Home->index()
#6 D:\_DocumentosDrive\htdocs\cursos\ci4\ordem\vendor\codeigniter4\framework\system\CodeIgniter.php(419): CodeIgniter\CodeIgniter->runController(Object(App\Controllers\Home))
#7 D:\_DocumentosDrive\htdocs\cursos\ci4\ordem\vendor\codeigniter4\framework\system\CodeIgniter.php(326): CodeIgniter\CodeIgniter->handleRequest(NULL, Object(Config\Cache), false)
#8 D:\_DocumentosDrive\htdocs\cursos\ci4\ordem\public\index.php(37): CodeIgniter\CodeIgniter->run()
#9 D:\_DocumentosDrive\htdocs\cursos\ci4\ordem\vendor\codeigniter4\framework\system\Commands\Server\rewrite.php(43): require_once('D:\\_DocumentosD...')
#10 {main}
CRITICAL - 2022-05-30 21:53:17 --> Undefined variable: titulo
#0 D:\_DocumentosDrive\htdocs\cursos\ci4\ordem\app\Views\Admin\Home\index.php(5): CodeIgniter\Debug\Exceptions->errorHandler(8, 'Undefined varia...', 'D:\\_DocumentosD...', 5, Array)
#1 D:\_DocumentosDrive\htdocs\cursos\ci4\ordem\vendor\codeigniter4\framework\system\View\View.php(210): include('D:\\_DocumentosD...')
#2 D:\_DocumentosDrive\htdocs\cursos\ci4\ordem\vendor\codeigniter4\framework\system\View\View.php(213): CodeIgniter\View\View->CodeIgniter\View\{closure}()
#3 D:\_DocumentosDrive\htdocs\cursos\ci4\ordem\vendor\codeigniter4\framework\system\Common.php(1089): CodeIgniter\View\View->render('Admin/Home/inde...', Array, true)
#4 D:\_DocumentosDrive\htdocs\cursos\ci4\ordem\app\Controllers\Home.php(9): view('Admin/Home/inde...')
#5 D:\_DocumentosDrive\htdocs\cursos\ci4\ordem\vendor\codeigniter4\framework\system\CodeIgniter.php(832): App\Controllers\Home->index()
#6 D:\_DocumentosDrive\htdocs\cursos\ci4\ordem\vendor\codeigniter4\framework\system\CodeIgniter.php(419): CodeIgniter\CodeIgniter->runController(Object(App\Controllers\Home))
#7 D:\_DocumentosDrive\htdocs\cursos\ci4\ordem\vendor\codeigniter4\framework\system\CodeIgniter.php(326): CodeIgniter\CodeIgniter->handleRequest(NULL, Object(Config\Cache), false)
#8 D:\_DocumentosDrive\htdocs\cursos\ci4\ordem\public\index.php(37): CodeIgniter\CodeIgniter->run()
#9 D:\_DocumentosDrive\htdocs\cursos\ci4\ordem\vendor\codeigniter4\framework\system\Commands\Server\rewrite.php(43): require_once('D:\\_DocumentosD...')
#10 {main}
CRITICAL - 2022-05-30 23:25:02 --> Undefined property: stdClass::$princiapl_id
#0 D:\_DocumentosDrive\htdocs\cursos\ci4\ordem\app\Views\Admin\Grupos\permissoes.php(109): CodeIgniter\Debug\Exceptions->errorHandler(8, 'Undefined prope...', 'D:\\_DocumentosD...', 109, Array)
#1 D:\_DocumentosDrive\htdocs\cursos\ci4\ordem\vendor\codeigniter4\framework\system\View\View.php(210): include('D:\\_DocumentosD...')
#2 D:\_DocumentosDrive\htdocs\cursos\ci4\ordem\vendor\codeigniter4\framework\system\View\View.php(213): CodeIgniter\View\View->CodeIgniter\View\{closure}()
#3 D:\_DocumentosDrive\htdocs\cursos\ci4\ordem\vendor\codeigniter4\framework\system\Common.php(1089): CodeIgniter\View\View->render('Admin/Grupos/pe...', Array, true)
#4 D:\_DocumentosDrive\htdocs\cursos\ci4\ordem\app\Controllers\Admin\Grupos.php(287): view('Admin/Grupos/pe...', Array)
#5 D:\_DocumentosDrive\htdocs\cursos\ci4\ordem\vendor\codeigniter4\framework\system\CodeIgniter.php(832): App\Controllers\Admin\Grupos->permissoes(7)
#6 D:\_DocumentosDrive\htdocs\cursos\ci4\ordem\vendor\codeigniter4\framework\system\CodeIgniter.php(419): CodeIgniter\CodeIgniter->runController(Object(App\Controllers\Admin\Grupos))
#7 D:\_DocumentosDrive\htdocs\cursos\ci4\ordem\vendor\codeigniter4\framework\system\CodeIgniter.php(326): CodeIgniter\CodeIgniter->handleRequest(NULL, Object(Config\Cache), false)
#8 D:\_DocumentosDrive\htdocs\cursos\ci4\ordem\public\index.php(37): CodeIgniter\CodeIgniter->run()
#9 D:\_DocumentosDrive\htdocs\cursos\ci4\ordem\vendor\codeigniter4\framework\system\Commands\Server\rewrite.php(43): require_once('D:\\_DocumentosD...')
#10 {main}
